sensing-app/build/app/intermediates/manifest_merge_blame_file/debug/manifest-merger-blame-debug-report.txt
1<?xml version="1.0" encoding="utf-8"?>
2<manifest xmlns:android="http://schemas.android.com/apk/res/android"
3    package="com.yokusp.dev.sensing"
4    android:versionCode="1"
5    android:versionName="1.0.0" >
6
7    <uses-sdk
8        android:minSdkVersion="21"
9        android:targetSdkVersion="33" />
10    <!--
11         The INTERNET permission is required for development. Specifically,
12         the Flutter tool needs it to communicate with the running application
13         to allow setting breakpoints, to provide hot reload, etc.
14    -->
15    <uses-permission android:name="android.permission.INTERNET" />
15-->src/debug/AndroidManifest.xml:6:5-66
15-->src/debug/AndroidManifest.xml:6:22-64
16    <!-- 権限設定を追記 -->
17    <uses-permission android:name="android.permission.POST_NOTIFICATIONS" />
17-->src/main/AndroidManifest.xml:3:5-76
17-->src/main/AndroidManifest.xml:3:22-74
18    <!--
19 Required to query activities that can process text, see:
20         https://developer.android.com/training/package-visibility?hl=en and
21         https://developer.android.com/reference/android/content/Intent#ACTION_PROCESS_TEXT.
22
23         In particular, this is used by the Flutter engine in io.flutter.plugin.text.ProcessTextPlugin.
24    -->
25    <queries>
25-->src/main/AndroidManifest.xml:49:5-54:15
26        <intent>
26-->src/main/AndroidManifest.xml:50:9-53:18
27            <action android:name="android.intent.action.PROCESS_TEXT" />
27-->src/main/AndroidManifest.xml:51:13-72
27-->src/main/AndroidManifest.xml:51:21-70
28
29            <data android:mimeType="text/plain" />
29-->src/main/AndroidManifest.xml:52:13-50
29-->src/main/AndroidManifest.xml:52:19-48
30        </intent>
31    </queries>
32
33    <uses-permission android:name="android.permission.WAKE_LOCK" />
33-->[:firebase_messaging] AndroidManifest.xml:10:5-68
33-->[:firebase_messaging] AndroidManifest.xml:10:22-65
34    <uses-permission android:name="android.permission.ACCESS_NETWORK_STATE" />
34-->[:firebase_messaging] AndroidManifest.xml:11:5-79
34-->[:firebase_messaging] AndroidManifest.xml:11:22-76
35    <uses-permission android:name="android.permission.VIBRATE" /> <!-- Required by older versions of Google Play services to create IID tokens -->
35-->[:flutter_local_notifications] AndroidManifest.xml:9:5-66
35-->[:flutter_local_notifications] AndroidManifest.xml:9:22-63
36    <uses-permission android:name="com.google.android.c2dm.permission.RECEIVE" />
36-->[com.google.firebase:firebase-messaging:23.4.1] AndroidManifest.xml:26:5-82
36-->[com.google.firebase:firebase-messaging:23.4.1] AndroidManifest.xml:26:22-79
37
38    <application
39        android:name="android.app.Application"
40        android:appComponentFactory="androidx.core.app.CoreComponentFactory"
40-->[androidx.core:core:1.6.0] AndroidManifest.xml:24:18-86
41        android:debuggable="true"
42        android:icon="@mipmap/ic_launcher"
43        android:label="sensing" >
44        <activity
45            android:name="com.yokusp.dev.sensing.MainActivity"
46            android:configChanges="orientation|keyboardHidden|keyboard|screenSize|smallestScreenSize|locale|layoutDirection|fontScale|screenLayout|density|uiMode"
47            android:exported="true"
48            android:hardwareAccelerated="true"
49            android:launchMode="singleTop"
50            android:theme="@style/LaunchTheme"
51            android:windowSoftInputMode="adjustResize" >
52
53            <!--
54                 Specifies an Android theme to apply to this Activity as soon as
55                 the Android process has started. This theme is visible to the user
56                 while the Flutter UI initializes. After that, this theme continues
57                 to determine the Window background behind the Flutter UI.
58            -->
59            <meta-data
60                android:name="io.flutter.embedding.android.NormalTheme"
61                android:resource="@style/NormalTheme" />
62
63            <intent-filter>
64                <action android:name="android.intent.action.MAIN" />
65
66                <category android:name="android.intent.category.LAUNCHER" />
67            </intent-filter>
68            <!-- FLUTTER_NOTIFICATION_CLICKを追記 -->
69            <intent-filter>
70                <action android:name="FLUTTER_NOTIFICATION_CLICK" />
71
72                <category android:name="android.intent.category.DEFAULT" />
73            </intent-filter>
74        </activity>
75        <!-- default_notification_channel_idを追記 -->
76        <meta-data
77            android:name="com.google.firebase.messaging.default_notification_channel_id"
78            android:value="default_notification_channel" />
79        <!--
80             Don't delete the meta-data below.
81             This is used by the Flutter tool to generate GeneratedPluginRegistrant.java
82        -->
83        <meta-data
84            android:name="flutterEmbedding"
85            android:value="2" />
86
87        <service
87-->[:firebase_messaging] AndroidManifest.xml:16:9-19:72
88            android:name="io.flutter.plugins.firebase.messaging.FlutterFirebaseMessagingBackgroundService"
88-->[:firebase_messaging] AndroidManifest.xml:17:13-107
89            android:exported="false"
89-->[:firebase_messaging] AndroidManifest.xml:18:13-37
90            android:permission="android.permission.BIND_JOB_SERVICE" />
90-->[:firebase_messaging] AndroidManifest.xml:19:13-69
91        <service
91-->[:firebase_messaging] AndroidManifest.xml:20:9-26:19
92            android:name="io.flutter.plugins.firebase.messaging.FlutterFirebaseMessagingService"
92-->[:firebase_messaging] AndroidManifest.xml:21:13-97
93            android:exported="false" >
93-->[:firebase_messaging] AndroidManifest.xml:22:13-37
94            <intent-filter>
94-->[:firebase_messaging] AndroidManifest.xml:23:13-25:29
95                <action android:name="com.google.firebase.MESSAGING_EVENT" />
95-->[:firebase_messaging] AndroidManifest.xml:24:17-78
95-->[:firebase_messaging] AndroidManifest.xml:24:25-75
96            </intent-filter>
97        </service>
98
99        <receiver
99-->[:firebase_messaging] AndroidManifest.xml:28:9-35:20
100            android:name="io.flutter.plugins.firebase.messaging.FlutterFirebaseMessagingReceiver"
100-->[:firebase_messaging] AndroidManifest.xml:29:13-98
101            android:exported="true"
101-->[:firebase_messaging] AndroidManifest.xml:30:13-36
102            android:permission="com.google.android.c2dm.permission.SEND" >
102-->[:firebase_messaging] AndroidManifest.xml:31:13-73
103            <intent-filter>
103-->[:firebase_messaging] AndroidManifest.xml:32:13-34:29
104                <action android:name="com.google.android.c2dm.intent.RECEIVE" />
104-->[:firebase_messaging] AndroidManifest.xml:33:17-81
104-->[:firebase_messaging] AndroidManifest.xml:33:25-78
105            </intent-filter>
106        </receiver>
107
108        <service
108-->[:firebase_messaging] AndroidManifest.xml:37:9-41:19
109            android:name="com.google.firebase.components.ComponentDiscoveryService"
109-->[:firebase_messaging] AndroidManifest.xml:37:18-89
110            android:directBootAware="true"
110-->[com.google.firebase:firebase-common:20.4.2] AndroidManifest.xml:32:13-43
111            android:exported="false" >
111-->[com.google.firebase:firebase-messaging:23.4.1] AndroidManifest.xml:56:13-37
112            <meta-data
112-->[:firebase_messaging] AndroidManifest.xml:38:13-40:85
113                android:name="com.google.firebase.components:io.flutter.plugins.firebase.messaging.FlutterFirebaseAppRegistrar"
113-->[:firebase_messaging] AndroidManifest.xml:39:17-128
114                android:value="com.google.firebase.components.ComponentRegistrar" />
114-->[:firebase_messaging] AndroidManifest.xml:40:17-82
115            <meta-data
115-->[:firebase_core] AndroidManifest.xml:11:13-13:85
116                android:name="com.google.firebase.components:io.flutter.plugins.firebase.core.FlutterFirebaseCoreRegistrar"
116-->[:firebase_core] AndroidManifest.xml:12:17-124
117                android:value="com.google.firebase.components.ComponentRegistrar" />
117-->[:firebase_core] AndroidManifest.xml:13:17-82
118            <meta-data
118-->[com.google.firebase:firebase-messaging:23.4.1] AndroidManifest.xml:57:13-59:85
119                android:name="com.google.firebase.components:com.google.firebase.messaging.FirebaseMessagingKtxRegistrar"
119-->[com.google.firebase:firebase-messaging:23.4.1] AndroidManifest.xml:58:17-122
120                android:value="com.google.firebase.components.ComponentRegistrar" />
120-->[com.google.firebase:firebase-messaging:23.4.1] AndroidManifest.xml:59:17-82
121            <meta-data
121-->[com.google.firebase:firebase-messaging:23.4.1] AndroidManifest.xml:60:13-62:85
122                android:name="com.google.firebase.components:com.google.firebase.messaging.FirebaseMessagingRegistrar"
122-->[com.google.firebase:firebase-messaging:23.4.1] AndroidManifest.xml:61:17-119
123                android:value="com.google.firebase.components.ComponentRegistrar" />
123-->[com.google.firebase:firebase-messaging:23.4.1] AndroidManifest.xml:62:17-82
124            <meta-data
124-->[com.google.firebase:firebase-iid:21.1.0] AndroidManifest.xml:32:13-34:85
125                android:name="com.google.firebase.components:com.google.firebase.iid.Registrar"
125-->[com.google.firebase:firebase-iid:21.1.0] AndroidManifest.xml:33:17-96
126                android:value="com.google.firebase.components.ComponentRegistrar" />
126-->[com.google.firebase:firebase-iid:21.1.0] AndroidManifest.xml:34:17-82
127            <meta-data
127-->[com.google.firebase:firebase-installations:17.2.0] AndroidManifest.xml:15:13-17:85
128                android:name="com.google.firebase.components:com.google.firebase.installations.FirebaseInstallationsKtxRegistrar"
128-->[com.google.firebase:firebase-installations:17.2.0] AndroidManifest.xml:16:17-130
129                android:value="com.google.firebase.components.ComponentRegistrar" />
129-->[com.google.firebase:firebase-installations:17.2.0] AndroidManifest.xml:17:17-82
130            <meta-data
130-->[com.google.firebase:firebase-installations:17.2.0] AndroidManifest.xml:18:13-20:85
131                android:name="com.google.firebase.components:com.google.firebase.installations.FirebaseInstallationsRegistrar"
131-->[com.google.firebase:firebase-installations:17.2.0] AndroidManifest.xml:19:17-127
132                android:value="com.google.firebase.components.ComponentRegistrar" />
132-->[com.google.firebase:firebase-installations:17.2.0] AndroidManifest.xml:20:17-82
133            <meta-data
133-->[com.google.firebase:firebase-common-ktx:20.4.2] AndroidManifest.xml:12:13-14:85
134                android:name="com.google.firebase.components:com.google.firebase.ktx.FirebaseCommonLegacyRegistrar"
134-->[com.google.firebase:firebase-common-ktx:20.4.2] AndroidManifest.xml:13:17-116
135                android:value="com.google.firebase.components.ComponentRegistrar" />
135-->[com.google.firebase:firebase-common-ktx:20.4.2] AndroidManifest.xml:14:17-82
136            <meta-data
136-->[com.google.firebase:firebase-common:20.4.2] AndroidManifest.xml:35:13-37:85
137                android:name="com.google.firebase.components:com.google.firebase.FirebaseCommonKtxRegistrar"
137-->[com.google.firebase:firebase-common:20.4.2] AndroidManifest.xml:36:17-109
138                android:value="com.google.firebase.components.ComponentRegistrar" />
138-->[com.google.firebase:firebase-common:20.4.2] AndroidManifest.xml:37:17-82
139            <meta-data
139-->[com.google.firebase:firebase-datatransport:18.1.7] AndroidManifest.xml:27:13-29:85
140                android:name="com.google.firebase.components:com.google.firebase.datatransport.TransportRegistrar"
140-->[com.google.firebase:firebase-datatransport:18.1.7] AndroidManifest.xml:28:17-115
141                android:value="com.google.firebase.components.ComponentRegistrar" />
141-->[com.google.firebase:firebase-datatransport:18.1.7] AndroidManifest.xml:29:17-82
142        </service>
143
144        <provider
144-->[:firebase_messaging] AndroidManifest.xml:43:9-47:38
145            android:name="io.flutter.plugins.firebase.messaging.FlutterFirebaseMessagingInitProvider"
145-->[:firebase_messaging] AndroidManifest.xml:44:13-102
146            android:authorities="com.yokusp.dev.sensing.flutterfirebasemessaginginitprovider"
146-->[:firebase_messaging] AndroidManifest.xml:45:13-88
147            android:exported="false"
147-->[:firebase_messaging] AndroidManifest.xml:46:13-37
148            android:initOrder="99" />
148-->[:firebase_messaging] AndroidManifest.xml:47:13-35
149
150        <receiver
150-->[com.google.firebase:firebase-messaging:23.4.1] AndroidManifest.xml:29:9-40:20
151            android:name="com.google.firebase.iid.FirebaseInstanceIdReceiver"
151-->[com.google.firebase:firebase-messaging:23.4.1] AndroidManifest.xml:30:13-78
152            android:exported="true"
152-->[com.google.firebase:firebase-messaging:23.4.1] AndroidManifest.xml:31:13-36
153            android:permission="com.google.android.c2dm.permission.SEND" >
153-->[com.google.firebase:firebase-messaging:23.4.1] AndroidManifest.xml:32:13-73
154            <intent-filter>
154-->[:firebase_messaging] AndroidManifest.xml:32:13-34:29
155                <action android:name="com.google.android.c2dm.intent.RECEIVE" />
155-->[:firebase_messaging] AndroidManifest.xml:33:17-81
155-->[:firebase_messaging] AndroidManifest.xml:33:25-78
156            </intent-filter>
157
158            <meta-data
158-->[com.google.firebase:firebase-messaging:23.4.1] AndroidManifest.xml:37:13-39:40
159                android:name="com.google.android.gms.cloudmessaging.FINISHED_AFTER_HANDLED"
159-->[com.google.firebase:firebase-messaging:23.4.1] AndroidManifest.xml:38:17-92
160                android:value="true" />
160-->[com.google.firebase:firebase-messaging:23.4.1] AndroidManifest.xml:39:17-37
161        </receiver>
162        <!--
163             FirebaseMessagingService performs security checks at runtime,
164             but set to not exported to explicitly avoid allowing another app to call it.
165        -->
166        <service
166-->[com.google.firebase:firebase-messaging:23.4.1] AndroidManifest.xml:46:9-53:19
167            android:name="com.google.firebase.messaging.FirebaseMessagingService"
167-->[com.google.firebase:firebase-messaging:23.4.1] AndroidManifest.xml:47:13-82
168            android:directBootAware="true"
168-->[com.google.firebase:firebase-messaging:23.4.1] AndroidManifest.xml:48:13-43
169            android:exported="false" >
169-->[com.google.firebase:firebase-messaging:23.4.1] AndroidManifest.xml:49:13-37
170            <intent-filter android:priority="-500" >
170-->[:firebase_messaging] AndroidManifest.xml:23:13-25:29
171                <action android:name="com.google.firebase.MESSAGING_EVENT" />
171-->[:firebase_messaging] AndroidManifest.xml:24:17-78
171-->[:firebase_messaging] AndroidManifest.xml:24:25-75
172            </intent-filter>
173        </service>
174
175        <provider
175-->[com.google.firebase:firebase-common:20.4.2] AndroidManifest.xml:23:9-28:39
176            android:name="com.google.firebase.provider.FirebaseInitProvider"
176-->[com.google.firebase:firebase-common:20.4.2] AndroidManifest.xml:24:13-77
177            android:authorities="com.yokusp.dev.sensing.firebaseinitprovider"
177-->[com.google.firebase:firebase-common:20.4.2] AndroidManifest.xml:25:13-72
178            android:directBootAware="true"
178-->[com.google.firebase:firebase-common:20.4.2] AndroidManifest.xml:26:13-43
179            android:exported="false"
179-->[com.google.firebase:firebase-common:20.4.2] AndroidManifest.xml:27:13-37
180            android:initOrder="100" />
180-->[com.google.firebase:firebase-common:20.4.2] AndroidManifest.xml:28:13-36
181
182        <uses-library
182-->[androidx.window:window:1.0.0-beta04] AndroidManifest.xml:25:9-27:40
183            android:name="androidx.window.extensions"
183-->[androidx.window:window:1.0.0-beta04] AndroidManifest.xml:26:13-54
184            android:required="false" />
184-->[androidx.window:window:1.0.0-beta04] AndroidManifest.xml:27:13-37
185        <uses-library
185-->[androidx.window:window:1.0.0-beta04] AndroidManifest.xml:28:9-30:40
186            android:name="androidx.window.sidecar"
186-->[androidx.window:window:1.0.0-beta04] AndroidManifest.xml:29:13-51
187            android:required="false" />
187-->[androidx.window:window:1.0.0-beta04] AndroidManifest.xml:30:13-37
188
189        <activity
189-->[com.google.android.gms:play-services-base:18.0.1] AndroidManifest.xml:20:9-22:45
190            android:name="com.google.android.gms.common.api.GoogleApiActivity"
190-->[com.google.android.gms:play-services-base:18.0.1] AndroidManifest.xml:20:19-85
191            android:exported="false"
191-->[com.google.android.gms:play-services-base:18.0.1] AndroidManifest.xml:22:19-43
192            android:theme="@android:style/Theme.Translucent.NoTitleBar" />
192-->[com.google.android.gms:play-services-base:18.0.1] AndroidManifest.xml:21:19-78
193
194        <meta-data
194-->[com.google.android.gms:play-services-basement:18.1.0] AndroidManifest.xml:21:9-23:69
195            android:name="com.google.android.gms.version"
195-->[com.google.android.gms:play-services-basement:18.1.0] AndroidManifest.xml:22:13-58
196            android:value="@integer/google_play_services_version" />
196-->[com.google.android.gms:play-services-basement:18.1.0] AndroidManifest.xml:23:13-66
197
198        <service
198-->[com.google.android.datatransport:transport-backend-cct:3.1.8] AndroidManifest.xml:28:9-34:19
199            android:name="com.google.android.datatransport.runtime.backends.TransportBackendDiscovery"
199-->[com.google.android.datatransport:transport-backend-cct:3.1.8] AndroidManifest.xml:29:13-103
200            android:exported="false" >
200-->[com.google.android.datatransport:transport-backend-cct:3.1.8] AndroidManifest.xml:30:13-37
201            <meta-data
201-->[com.google.android.datatransport:transport-backend-cct:3.1.8] AndroidManifest.xml:31:13-33:39
202                android:name="backend:com.google.android.datatransport.cct.CctBackendFactory"
202-->[com.google.android.datatransport:transport-backend-cct:3.1.8] AndroidManifest.xml:32:17-94
203                android:value="cct" />
203-->[com.google.android.datatransport:transport-backend-cct:3.1.8] AndroidManifest.xml:33:17-36
204        </service>
205        <service
205-->[com.google.android.datatransport:transport-runtime:3.1.8] AndroidManifest.xml:26:9-30:19
206            android:name="com.google.android.datatransport.runtime.scheduling.jobscheduling.JobInfoSchedulerService"
206-->[com.google.android.datatransport:transport-runtime:3.1.8] AndroidManifest.xml:27:13-117
207            android:exported="false"
207-->[com.google.android.datatransport:transport-runtime:3.1.8] AndroidManifest.xml:28:13-37
208            android:permission="android.permission.BIND_JOB_SERVICE" >
208-->[com.google.android.datatransport:transport-runtime:3.1.8] AndroidManifest.xml:29:13-69
209        </service>
210
211        <receiver
211-->[com.google.android.datatransport:transport-runtime:3.1.8] AndroidManifest.xml:32:9-34:40
212            android:name="com.google.android.datatransport.runtime.scheduling.jobscheduling.AlarmManagerSchedulerBroadcastReceiver"
212-->[com.google.android.datatransport:transport-runtime:3.1.8] AndroidManifest.xml:33:13-132
213            android:exported="false" />
213-->[com.google.android.datatransport:transport-runtime:3.1.8] AndroidManifest.xml:34:13-37
214    </application>
215
216</manifest>